2017-05-09 09:43:20 [main] INFO  [com.qurich.external.Application] - Starting Application on Asice-PC with PID 3176 (D:\eWorkspaces\qurich-admin\target\classes started by Asice in D:\eWorkspaces\qurich-admin)
2017-05-09 09:43:20 [main] INFO  [com.qurich.external.Application] - No active profile set, falling back to default profiles: default
2017-05-09 09:43:20 [main] INFO  [org.springframework.boot.context.embedded.AnnotationConfigEmbeddedWebApplicationContext] - Refreshing org.springframework.boot.context.embedded.AnnotationConfigEmbeddedWebApplicationContext@ef9844: startup date [Tue May 09 09:43:20 CST 2017]; root of context hierarchy
2017-05-09 09:43:20 [background-preinit] INFO  [org.hibernate.validator.internal.util.Version] - HV000001: Hibernate Validator 5.2.4.Final
2017-05-09 09:43:21 [main] INFO  [org.springframework.data.repository.config.RepositoryConfigurationDelegate] - Multiple Spring Data modules found, entering strict repository configuration mode!
2017-05-09 09:43:21 [main] INFO  [org.springframework.context.support.PostProcessorRegistrationDelegate$BeanPostProcessorChecker] - Bean 'org.springframework.transaction.annotation.ProxyTransactionManagementConfiguration' of type [class org.springframework.transaction.annotation.ProxyTransactionManagementConfiguration$$EnhancerBySpringCGLIB$$dd920907] is not eligible for getting processed by all BeanPostProcessors (for example: not eligible for auto-proxying)
2017-05-09 09:43:21 [main] INFO  [org.springframework.boot.context.embedded.tomcat.TomcatEmbeddedServletContainer] - Tomcat initialized with port(s): 8899 (http)
2017-05-09 09:43:22 [localhost-startStop-1] INFO  [org.springframework.web.context.ContextLoader] - Root WebApplicationContext: initialization completed in 1876 ms
2017-05-09 09:43:22 [localhost-startStop-1] INFO  [org.springframework.boot.web.servlet.ServletRegistrationBean] - Mapping servlet: 'dispatcherServlet' to [/]
2017-05-09 09:43:22 [localhost-startStop-1] INFO  [org.springframework.boot.web.servlet.FilterRegistrationBean] - Mapping filter: 'characterEncodingFilter' to: [/*]
2017-05-09 09:43:22 [main] INFO  [org.springframework.web.servlet.mvc.method.annotation.RequestMappingHandlerMapping] - Mapped "{[/ || /index],methods=[GET]}" onto public java.lang.String com.qurich.external.controller.IndexController.index(int,javax.servlet.http.HttpServletRequest,javax.servlet.http.HttpServletResponse,org.springframework.ui.Model)
2017-05-09 09:43:22 [main] INFO  [org.springframework.web.servlet.mvc.method.annotation.RequestMappingHandlerMapping] - Mapped "{[/message/bull],methods=[GET],produces=[application/json;charset=utf-8]}" onto public java.lang.String com.qurich.external.controller.MessageController.list(int,org.springframework.ui.Model)
2017-05-09 09:43:22 [main] INFO  [org.springframework.web.servlet.mvc.method.annotation.RequestMappingHandlerMapping] - Mapped "{[/message/bull/{page}],methods=[GET],produces=[application/json;charset=utf-8]}" onto public java.lang.String com.qurich.external.controller.MessageController.listPage(int,org.springframework.ui.Model)
2017-05-09 09:43:22 [main] INFO  [org.springframework.web.servlet.mvc.method.annotation.RequestMappingHandlerMapping] - Mapped "{[/message/page/{id}],methods=[GET],produces=[application/json;charset=utf-8]}" onto public java.lang.String com.qurich.external.controller.MessageController.pageOne(int,org.springframework.ui.Model)
2017-05-09 09:43:22 [main] INFO  [org.springframework.web.servlet.mvc.method.annotation.RequestMappingHandlerMapping] - Mapped "{[/error]}" onto public org.springframework.http.ResponseEntity<java.util.Map<java.lang.String, java.lang.Object>> org.springframework.boot.autoconfigure.web.BasicErrorController.error(javax.servlet.http.HttpServletRequest)
2017-05-09 09:43:22 [main] INFO  [org.springframework.web.servlet.mvc.method.annotation.RequestMappingHandlerMapping] - Mapped "{[/error],produces=[text/html]}" onto public org.springframework.web.servlet.ModelAndView org.springframework.boot.autoconfigure.web.BasicErrorController.errorHtml(javax.servlet.http.HttpServletRequest,javax.servlet.http.HttpServletResponse)
2017-05-09 09:43:22 [main] INFO  [org.springframework.web.servlet.handler.SimpleUrlHandlerMapping] - Mapped URL path [/static/**] onto handler of type [class org.springframework.web.servlet.resource.ResourceHttpRequestHandler]
2017-05-09 09:43:22 [main] INFO  [org.springframework.web.servlet.mvc.method.annotation.RequestMappingHandlerAdapter] - Looking for @ControllerAdvice: org.springframework.boot.context.embedded.AnnotationConfigEmbeddedWebApplicationContext@ef9844: startup date [Tue May 09 09:43:20 CST 2017]; root of context hierarchy
2017-05-09 09:43:23 [main] INFO  [org.springframework.web.servlet.view.freemarker.FreeMarkerConfigurer] - ClassTemplateLoader for Spring macros added to FreeMarker configuration
2017-05-09 09:43:23 [main] WARN  [org.springframework.boot.starter.redis.RedisStarterDeprecationWarningAutoConfiguration] - spring-boot-starter-redis is deprecated as of Spring Boot 1.4, please migrate to spring-boot-starter-data-redis
2017-05-09 09:43:23 [main] INFO  [org.springframework.jmx.export.annotation.AnnotationMBeanExporter] - Registering beans for JMX exposure on startup
2017-05-09 09:43:23 [main] INFO  [org.springframework.jmx.export.annotation.AnnotationMBeanExporter] - Bean with name 'dataSource' has been autodetected for JMX exposure
2017-05-09 09:43:23 [main] INFO  [org.springframework.jmx.export.annotation.AnnotationMBeanExporter] - Located MBean 'dataSource': registering with JMX server as MBean [com.alibaba.druid.pool:name=dataSource,type=DruidDataSource]
2017-05-09 09:43:23 [main] INFO  [org.springframework.boot.context.embedded.tomcat.TomcatEmbeddedServletContainer] - Tomcat started on port(s): 8899 (http)
2017-05-09 09:43:23 [main] INFO  [com.qurich.external.Application] - Started Application in 3.939 seconds (JVM running for 5.064)
2017-05-09 09:43:32 [http-nio-8899-exec-1] INFO  [org.springframework.web.servlet.DispatcherServlet] - FrameworkServlet 'dispatcherServlet': initialization started
2017-05-09 09:43:32 [http-nio-8899-exec-1] INFO  [org.springframework.web.servlet.DispatcherServlet] - FrameworkServlet 'dispatcherServlet': initialization completed in 18 ms
2017-05-09 09:43:32 [http-nio-8899-exec-1] INFO  [com.alibaba.druid.pool.DruidDataSource] - {dataSource-1} inited
2017-05-09 09:43:33 [http-nio-8899-exec-9] WARN  [org.springframework.web.servlet.PageNotFound] - No mapping found for HTTP request with URI [/favicon.ico] in DispatcherServlet with name 'dispatcherServlet'
2017-05-09 09:45:03 [http-nio-8899-exec-3] WARN  [org.springframework.web.servlet.PageNotFound] - No mapping found for HTTP request with URI [/message/page] in DispatcherServlet with name 'dispatcherServlet'
2017-05-09 09:46:21 [http-nio-8899-exec-10] WARN  [org.springframework.web.servlet.PageNotFound] - No mapping found for HTTP request with URI [/message/page] in DispatcherServlet with name 'dispatcherServlet'
2017-05-09 09:46:23 [http-nio-8899-exec-4] WARN  [org.springframework.web.servlet.PageNotFound] - No mapping found for HTTP request with URI [/message/page] in DispatcherServlet with name 'dispatcherServlet'
2017-05-09 09:47:09 [http-nio-8899-exec-8] WARN  [org.springframework.web.servlet.PageNotFound] - No mapping found for HTTP request with URI [/message/page] in DispatcherServlet with name 'dispatcherServlet'
2017-05-09 09:47:11 [http-nio-8899-exec-7] WARN  [org.springframework.web.servlet.PageNotFound] - No mapping found for HTTP request with URI [/message/page] in DispatcherServlet with name 'dispatcherServlet'
2017-05-09 09:48:06 [http-nio-8899-exec-10] WARN  [org.springframework.web.servlet.PageNotFound] - No mapping found for HTTP request with URI [/message/page] in DispatcherServlet with name 'dispatcherServlet'
2017-05-09 10:07:21 [main] INFO  [com.qurich.external.Application] - Starting Application on Asice-PC with PID 4064 (D:\eWorkspaces\qurich-admin\target\classes started by Asice in D:\eWorkspaces\qurich-admin)
2017-05-09 10:07:21 [main] INFO  [com.qurich.external.Application] - No active profile set, falling back to default profiles: default
2017-05-09 10:07:21 [main] INFO  [org.springframework.boot.context.embedded.AnnotationConfigEmbeddedWebApplicationContext] - Refreshing org.springframework.boot.context.embedded.AnnotationConfigEmbeddedWebApplicationContext@ef9844: startup date [Tue May 09 10:07:21 CST 2017]; root of context hierarchy
2017-05-09 10:07:21 [background-preinit] INFO  [org.hibernate.validator.internal.util.Version] - HV000001: Hibernate Validator 5.2.4.Final
2017-05-09 10:07:22 [main] INFO  [org.springframework.data.repository.config.RepositoryConfigurationDelegate] - Multiple Spring Data modules found, entering strict repository configuration mode!
2017-05-09 10:07:22 [main] INFO  [org.springframework.context.support.PostProcessorRegistrationDelegate$BeanPostProcessorChecker] - Bean 'org.springframework.transaction.annotation.ProxyTransactionManagementConfiguration' of type [class org.springframework.transaction.annotation.ProxyTransactionManagementConfiguration$$EnhancerBySpringCGLIB$$3201c409] is not eligible for getting processed by all BeanPostProcessors (for example: not eligible for auto-proxying)
2017-05-09 10:07:22 [main] INFO  [org.springframework.boot.context.embedded.tomcat.TomcatEmbeddedServletContainer] - Tomcat initialized with port(s): 8899 (http)
2017-05-09 10:07:22 [localhost-startStop-1] INFO  [org.springframework.web.context.ContextLoader] - Root WebApplicationContext: initialization completed in 1440 ms
2017-05-09 10:07:22 [localhost-startStop-1] INFO  [org.springframework.boot.web.servlet.ServletRegistrationBean] - Mapping servlet: 'dispatcherServlet' to [/]
2017-05-09 10:07:22 [localhost-startStop-1] INFO  [org.springframework.boot.web.servlet.FilterRegistrationBean] - Mapping filter: 'characterEncodingFilter' to: [/*]
2017-05-09 10:07:23 [main] INFO  [org.springframework.web.servlet.mvc.method.annotation.RequestMappingHandlerMapping] - Mapped "{[/ || /index],methods=[GET]}" onto public java.lang.String com.qurich.external.controller.IndexController.index(int,javax.servlet.http.HttpServletRequest,javax.servlet.http.HttpServletResponse,org.springframework.ui.Model)
2017-05-09 10:07:23 [main] INFO  [org.springframework.web.servlet.mvc.method.annotation.RequestMappingHandlerMapping] - Mapped "{[/message/bull],methods=[GET],produces=[application/json;charset=utf-8]}" onto public java.lang.String com.qurich.external.controller.MessageController.list(int,org.springframework.ui.Model)
2017-05-09 10:07:23 [main] INFO  [org.springframework.web.servlet.mvc.method.annotation.RequestMappingHandlerMapping] - Mapped "{[/message/bull/{page}],methods=[GET],produces=[application/json;charset=utf-8]}" onto public java.lang.String com.qurich.external.controller.MessageController.listPage(int,org.springframework.ui.Model)
2017-05-09 10:07:23 [main] INFO  [org.springframework.web.servlet.mvc.method.annotation.RequestMappingHandlerMapping] - Mapped "{[/message/page/{id}],methods=[GET],produces=[application/json;charset=utf-8]}" onto public java.lang.String com.qurich.external.controller.MessageController.pageOne(int,org.springframework.ui.Model)
2017-05-09 10:07:23 [main] INFO  [org.springframework.web.servlet.mvc.method.annotation.RequestMappingHandlerMapping] - Mapped "{[/message/updatebull],methods=[POST],produces=[application/json;charset=utf-8]}" onto public java.lang.String com.qurich.external.controller.MessageController.updatebull(int,java.lang.String[],org.springframework.ui.Model)
2017-05-09 10:07:23 [main] INFO  [org.springframework.web.servlet.mvc.method.annotation.RequestMappingHandlerMapping] - Mapped "{[/error]}" onto public org.springframework.http.ResponseEntity<java.util.Map<java.lang.String, java.lang.Object>> org.springframework.boot.autoconfigure.web.BasicErrorController.error(javax.servlet.http.HttpServletRequest)
2017-05-09 10:07:23 [main] INFO  [org.springframework.web.servlet.mvc.method.annotation.RequestMappingHandlerMapping] - Mapped "{[/error],produces=[text/html]}" onto public org.springframework.web.servlet.ModelAndView org.springframework.boot.autoconfigure.web.BasicErrorController.errorHtml(javax.servlet.http.HttpServletRequest,javax.servlet.http.HttpServletResponse)
2017-05-09 10:07:23 [main] INFO  [org.springframework.web.servlet.handler.SimpleUrlHandlerMapping] - Mapped URL path [/static/**] onto handler of type [class org.springframework.web.servlet.resource.ResourceHttpRequestHandler]
2017-05-09 10:07:23 [main] INFO  [org.springframework.web.servlet.mvc.method.annotation.RequestMappingHandlerAdapter] - Looking for @ControllerAdvice: org.springframework.boot.context.embedded.AnnotationConfigEmbeddedWebApplicationContext@ef9844: startup date [Tue May 09 10:07:21 CST 2017]; root of context hierarchy
2017-05-09 10:07:23 [main] INFO  [org.springframework.web.servlet.view.freemarker.FreeMarkerConfigurer] - ClassTemplateLoader for Spring macros added to FreeMarker configuration
2017-05-09 10:07:23 [main] WARN  [org.springframework.boot.starter.redis.RedisStarterDeprecationWarningAutoConfiguration] - spring-boot-starter-redis is deprecated as of Spring Boot 1.4, please migrate to spring-boot-starter-data-redis
2017-05-09 10:07:23 [main] INFO  [org.springframework.jmx.export.annotation.AnnotationMBeanExporter] - Registering beans for JMX exposure on startup
2017-05-09 10:07:23 [main] INFO  [org.springframework.jmx.export.annotation.AnnotationMBeanExporter] - Bean with name 'dataSource' has been autodetected for JMX exposure
2017-05-09 10:07:23 [main] INFO  [org.springframework.jmx.export.annotation.AnnotationMBeanExporter] - Located MBean 'dataSource': registering with JMX server as MBean [com.alibaba.druid.pool:name=dataSource,type=DruidDataSource]
2017-05-09 10:07:23 [main] INFO  [org.springframework.boot.context.embedded.tomcat.TomcatEmbeddedServletContainer] - Tomcat started on port(s): 8899 (http)
2017-05-09 10:07:23 [main] INFO  [com.qurich.external.Application] - Started Application in 3.137 seconds (JVM running for 3.613)
2017-05-09 10:07:31 [http-nio-8899-exec-1] INFO  [org.springframework.web.servlet.DispatcherServlet] - FrameworkServlet 'dispatcherServlet': initialization started
2017-05-09 10:07:31 [http-nio-8899-exec-1] INFO  [org.springframework.web.servlet.DispatcherServlet] - FrameworkServlet 'dispatcherServlet': initialization completed in 21 ms
2017-05-09 10:07:31 [http-nio-8899-exec-1] INFO  [com.alibaba.druid.pool.DruidDataSource] - {dataSource-1} inited
2017-05-09 10:08:59 [main] INFO  [com.qurich.external.Application] - Starting Application on Asice-PC with PID 5904 (D:\eWorkspaces\qurich-admin\target\classes started by Asice in D:\eWorkspaces\qurich-admin)
2017-05-09 10:08:59 [main] INFO  [com.qurich.external.Application] - No active profile set, falling back to default profiles: default
2017-05-09 10:08:59 [main] INFO  [org.springframework.boot.context.embedded.AnnotationConfigEmbeddedWebApplicationContext] - Refreshing org.springframework.boot.context.embedded.AnnotationConfigEmbeddedWebApplicationContext@ef9844: startup date [Tue May 09 10:08:59 CST 2017]; root of context hierarchy
2017-05-09 10:08:59 [background-preinit] INFO  [org.hibernate.validator.internal.util.Version] - HV000001: Hibernate Validator 5.2.4.Final
2017-05-09 10:09:00 [main] INFO  [org.springframework.data.repository.config.RepositoryConfigurationDelegate] - Multiple Spring Data modules found, entering strict repository configuration mode!
2017-05-09 10:09:00 [main] INFO  [org.springframework.context.support.PostProcessorRegistrationDelegate$BeanPostProcessorChecker] - Bean 'org.springframework.transaction.annotation.ProxyTransactionManagementConfiguration' of type [class org.springframework.transaction.annotation.ProxyTransactionManagementConfiguration$$EnhancerBySpringCGLIB$$3201c409] is not eligible for getting processed by all BeanPostProcessors (for example: not eligible for auto-proxying)
2017-05-09 10:09:00 [main] INFO  [org.springframework.boot.context.embedded.tomcat.TomcatEmbeddedServletContainer] - Tomcat initialized with port(s): 8899 (http)
2017-05-09 10:09:00 [localhost-startStop-1] INFO  [org.springframework.web.context.ContextLoader] - Root WebApplicationContext: initialization completed in 1433 ms
2017-05-09 10:09:01 [localhost-startStop-1] INFO  [org.springframework.boot.web.servlet.ServletRegistrationBean] - Mapping servlet: 'dispatcherServlet' to [/]
2017-05-09 10:09:01 [localhost-startStop-1] INFO  [org.springframework.boot.web.servlet.FilterRegistrationBean] - Mapping filter: 'characterEncodingFilter' to: [/*]
2017-05-09 10:09:01 [main] INFO  [org.springframework.web.servlet.mvc.method.annotation.RequestMappingHandlerMapping] - Mapped "{[/ || /index],methods=[GET]}" onto public java.lang.String com.qurich.external.controller.IndexController.index(int,javax.servlet.http.HttpServletRequest,javax.servlet.http.HttpServletResponse,org.springframework.ui.Model)
2017-05-09 10:09:01 [main] INFO  [org.springframework.web.servlet.mvc.method.annotation.RequestMappingHandlerMapping] - Mapped "{[/message/bull],methods=[GET],produces=[application/json;charset=utf-8]}" onto public java.lang.String com.qurich.external.controller.MessageController.list(int,org.springframework.ui.Model)
2017-05-09 10:09:01 [main] INFO  [org.springframework.web.servlet.mvc.method.annotation.RequestMappingHandlerMapping] - Mapped "{[/message/updatebull],methods=[POST],produces=[application/json;charset=utf-8]}" onto public java.lang.String com.qurich.external.controller.MessageController.updatebull(int,java.lang.String[],org.springframework.ui.Model)
2017-05-09 10:09:01 [main] INFO  [org.springframework.web.servlet.mvc.method.annotation.RequestMappingHandlerMapping] - Mapped "{[/message/bull/{page}],methods=[GET],produces=[application/json;charset=utf-8]}" onto public java.lang.String com.qurich.external.controller.MessageController.listPage(int,org.springframework.ui.Model)
2017-05-09 10:09:01 [main] INFO  [org.springframework.web.servlet.mvc.method.annotation.RequestMappingHandlerMapping] - Mapped "{[/message/page/{id}],methods=[GET],produces=[application/json;charset=utf-8]}" onto public java.lang.String com.qurich.external.controller.MessageController.pageOne(int,org.springframework.ui.Model)
2017-05-09 10:09:01 [main] INFO  [org.springframework.web.servlet.mvc.method.annotation.RequestMappingHandlerMapping] - Mapped "{[/error]}" onto public org.springframework.http.ResponseEntity<java.util.Map<java.lang.String, java.lang.Object>> org.springframework.boot.autoconfigure.web.BasicErrorController.error(javax.servlet.http.HttpServletRequest)
2017-05-09 10:09:01 [main] INFO  [org.springframework.web.servlet.mvc.method.annotation.RequestMappingHandlerMapping] - Mapped "{[/error],produces=[text/html]}" onto public org.springframework.web.servlet.ModelAndView org.springframework.boot.autoconfigure.web.BasicErrorController.errorHtml(javax.servlet.http.HttpServletRequest,javax.servlet.http.HttpServletResponse)
2017-05-09 10:09:01 [main] INFO  [org.springframework.web.servlet.handler.SimpleUrlHandlerMapping] - Mapped URL path [/static/**] onto handler of type [class org.springframework.web.servlet.resource.ResourceHttpRequestHandler]
2017-05-09 10:09:01 [main] INFO  [org.springframework.web.servlet.mvc.method.annotation.RequestMappingHandlerAdapter] - Looking for @ControllerAdvice: org.springframework.boot.context.embedded.AnnotationConfigEmbeddedWebApplicationContext@ef9844: startup date [Tue May 09 10:08:59 CST 2017]; root of context hierarchy
2017-05-09 10:09:02 [main] INFO  [org.springframework.web.servlet.view.freemarker.FreeMarkerConfigurer] - ClassTemplateLoader for Spring macros added to FreeMarker configuration
2017-05-09 10:09:02 [main] WARN  [org.springframework.boot.starter.redis.RedisStarterDeprecationWarningAutoConfiguration] - spring-boot-starter-redis is deprecated as of Spring Boot 1.4, please migrate to spring-boot-starter-data-redis
2017-05-09 10:09:02 [main] INFO  [org.springframework.jmx.export.annotation.AnnotationMBeanExporter] - Registering beans for JMX exposure on startup
2017-05-09 10:09:02 [main] INFO  [org.springframework.jmx.export.annotation.AnnotationMBeanExporter] - Bean with name 'dataSource' has been autodetected for JMX exposure
2017-05-09 10:09:02 [main] INFO  [org.springframework.jmx.export.annotation.AnnotationMBeanExporter] - Located MBean 'dataSource': registering with JMX server as MBean [com.alibaba.druid.pool:name=dataSource,type=DruidDataSource]
2017-05-09 10:09:02 [main] INFO  [org.springframework.boot.context.embedded.tomcat.TomcatEmbeddedServletContainer] - Tomcat started on port(s): 8899 (http)
2017-05-09 10:09:02 [main] INFO  [com.qurich.external.Application] - Started Application in 3.104 seconds (JVM running for 3.584)
2017-05-09 10:09:05 [http-nio-8899-exec-1] INFO  [org.springframework.web.servlet.DispatcherServlet] - FrameworkServlet 'dispatcherServlet': initialization started
2017-05-09 10:09:05 [http-nio-8899-exec-1] INFO  [org.springframework.web.servlet.DispatcherServlet] - FrameworkServlet 'dispatcherServlet': initialization completed in 18 ms
2017-05-09 10:09:05 [http-nio-8899-exec-1] INFO  [com.alibaba.druid.pool.DruidDataSource] - {dataSource-1} inited
2017-05-09 10:11:53 [main] INFO  [com.qurich.external.Application] - Starting Application on Asice-PC with PID 4300 (D:\eWorkspaces\qurich-admin\target\classes started by Asice in D:\eWorkspaces\qurich-admin)
2017-05-09 10:11:53 [main] INFO  [com.qurich.external.Application] - No active profile set, falling back to default profiles: default
2017-05-09 10:11:53 [main] INFO  [org.springframework.boot.context.embedded.AnnotationConfigEmbeddedWebApplicationContext] - Refreshing org.springframework.boot.context.embedded.AnnotationConfigEmbeddedWebApplicationContext@ef9844: startup date [Tue May 09 10:11:53 CST 2017]; root of context hierarchy
2017-05-09 10:11:53 [background-preinit] INFO  [org.hibernate.validator.internal.util.Version] - HV000001: Hibernate Validator 5.2.4.Final
2017-05-09 10:11:53 [main] INFO  [org.springframework.data.repository.config.RepositoryConfigurationDelegate] - Multiple Spring Data modules found, entering strict repository configuration mode!
2017-05-09 10:11:54 [main] INFO  [org.springframework.context.support.PostProcessorRegistrationDelegate$BeanPostProcessorChecker] - Bean 'org.springframework.transaction.annotation.ProxyTransactionManagementConfiguration' of type [class org.springframework.transaction.annotation.ProxyTransactionManagementConfiguration$$EnhancerBySpringCGLIB$$3201c409] is not eligible for getting processed by all BeanPostProcessors (for example: not eligible for auto-proxying)
2017-05-09 10:11:54 [main] INFO  [org.springframework.boot.context.embedded.tomcat.TomcatEmbeddedServletContainer] - Tomcat initialized with port(s): 8899 (http)
2017-05-09 10:11:54 [localhost-startStop-1] INFO  [org.springframework.web.context.ContextLoader] - Root WebApplicationContext: initialization completed in 1464 ms
2017-05-09 10:11:54 [localhost-startStop-1] INFO  [org.springframework.boot.web.servlet.ServletRegistrationBean] - Mapping servlet: 'dispatcherServlet' to [/]
2017-05-09 10:11:54 [localhost-startStop-1] INFO  [org.springframework.boot.web.servlet.FilterRegistrationBean] - Mapping filter: 'characterEncodingFilter' to: [/*]
2017-05-09 10:11:55 [main] INFO  [org.springframework.web.servlet.mvc.method.annotation.RequestMappingHandlerMapping] - Mapped "{[/ || /index],methods=[GET]}" onto public java.lang.String com.qurich.external.controller.IndexController.index(int,javax.servlet.http.HttpServletRequest,javax.servlet.http.HttpServletResponse,org.springframework.ui.Model)
2017-05-09 10:11:55 [main] INFO  [org.springframework.web.servlet.mvc.method.annotation.RequestMappingHandlerMapping] - Mapped "{[/message/bull],methods=[GET],produces=[application/json;charset=utf-8]}" onto public java.lang.String com.qurich.external.controller.MessageController.list(int,org.springframework.ui.Model)
2017-05-09 10:11:55 [main] INFO  [org.springframework.web.servlet.mvc.method.annotation.RequestMappingHandlerMapping] - Mapped "{[/message/bull/{page}],methods=[GET],produces=[application/json;charset=utf-8]}" onto public java.lang.String com.qurich.external.controller.MessageController.listPage(int,org.springframework.ui.Model)
2017-05-09 10:11:55 [main] INFO  [org.springframework.web.servlet.mvc.method.annotation.RequestMappingHandlerMapping] - Mapped "{[/message/page/{id}],methods=[GET],produces=[application/json;charset=utf-8]}" onto public java.lang.String com.qurich.external.controller.MessageController.pageOne(int,org.springframework.ui.Model)
2017-05-09 10:11:55 [main] INFO  [org.springframework.web.servlet.mvc.method.annotation.RequestMappingHandlerMapping] - Mapped "{[/message/updatebull],methods=[POST],produces=[application/json;charset=utf-8]}" onto public java.lang.String com.qurich.external.controller.MessageController.updatebull(int,java.lang.String[],org.springframework.ui.Model)
2017-05-09 10:11:55 [main] INFO  [org.springframework.web.servlet.mvc.method.annotation.RequestMappingHandlerMapping] - Mapped "{[/error]}" onto public org.springframework.http.ResponseEntity<java.util.Map<java.lang.String, java.lang.Object>> org.springframework.boot.autoconfigure.web.BasicErrorController.error(javax.servlet.http.HttpServletRequest)
2017-05-09 10:11:55 [main] INFO  [org.springframework.web.servlet.mvc.method.annotation.RequestMappingHandlerMapping] - Mapped "{[/error],produces=[text/html]}" onto public org.springframework.web.servlet.ModelAndView org.springframework.boot.autoconfigure.web.BasicErrorController.errorHtml(javax.servlet.http.HttpServletRequest,javax.servlet.http.HttpServletResponse)
2017-05-09 10:11:55 [main] INFO  [org.springframework.web.servlet.handler.SimpleUrlHandlerMapping] - Mapped URL path [/static/**] onto handler of type [class org.springframework.web.servlet.resource.ResourceHttpRequestHandler]
2017-05-09 10:11:55 [main] INFO  [org.springframework.web.servlet.mvc.method.annotation.RequestMappingHandlerAdapter] - Looking for @ControllerAdvice: org.springframework.boot.context.embedded.AnnotationConfigEmbeddedWebApplicationContext@ef9844: startup date [Tue May 09 10:11:53 CST 2017]; root of context hierarchy
2017-05-09 10:11:55 [main] INFO  [org.springframework.web.servlet.view.freemarker.FreeMarkerConfigurer] - ClassTemplateLoader for Spring macros added to FreeMarker configuration
2017-05-09 10:11:55 [main] WARN  [org.springframework.boot.starter.redis.RedisStarterDeprecationWarningAutoConfiguration] - spring-boot-starter-redis is deprecated as of Spring Boot 1.4, please migrate to spring-boot-starter-data-redis
2017-05-09 10:11:55 [main] INFO  [org.springframework.jmx.export.annotation.AnnotationMBeanExporter] - Registering beans for JMX exposure on startup
2017-05-09 10:11:55 [main] INFO  [org.springframework.jmx.export.annotation.AnnotationMBeanExporter] - Bean with name 'dataSource' has been autodetected for JMX exposure
2017-05-09 10:11:55 [main] INFO  [org.springframework.jmx.export.annotation.AnnotationMBeanExporter] - Located MBean 'dataSource': registering with JMX server as MBean [com.alibaba.druid.pool:name=dataSource,type=DruidDataSource]
2017-05-09 10:11:55 [main] INFO  [org.springframework.boot.context.embedded.tomcat.TomcatEmbeddedServletContainer] - Tomcat started on port(s): 8899 (http)
2017-05-09 10:11:55 [main] INFO  [com.qurich.external.Application] - Started Application in 3.145 seconds (JVM running for 3.602)
2017-05-09 10:12:01 [http-nio-8899-exec-1] INFO  [org.springframework.web.servlet.DispatcherServlet] - FrameworkServlet 'dispatcherServlet': initialization started
2017-05-09 10:12:01 [http-nio-8899-exec-1] INFO  [org.springframework.web.servlet.DispatcherServlet] - FrameworkServlet 'dispatcherServlet': initialization completed in 14 ms
2017-05-09 10:12:01 [http-nio-8899-exec-1] INFO  [com.alibaba.druid.pool.DruidDataSource] - {dataSource-1} inited
2017-05-09 10:12:04 [http-nio-8899-exec-2] ERROR [java.lang.Class] - MessageService.pageOne异常
java.util.regex.PatternSyntaxException: Illegal repetition
{|}
	at java.util.regex.Pattern.error(Pattern.java:1955)
	at java.util.regex.Pattern.closure(Pattern.java:3157)
	at java.util.regex.Pattern.sequence(Pattern.java:2134)
	at java.util.regex.Pattern.expr(Pattern.java:1996)
	at java.util.regex.Pattern.compile(Pattern.java:1696)
	at java.util.regex.Pattern.<init>(Pattern.java:1351)
	at java.util.regex.Pattern.compile(Pattern.java:1028)
	at java.lang.String.replaceAll(String.java:2223)
	at com.qurich.external.service.MessageService.updatebull(MessageService.java:76)
	at com.qurich.external.controller.MessageController.updatebull(MessageController.java:56)
	at sun.reflect.NativeMethodAccessorImpl.invoke0(Native Method)
	at sun.reflect.NativeMethodAccessorImpl.invoke(NativeMethodAccessorImpl.java:62)
	at sun.reflect.DelegatingMethodAccessorImpl.invoke(DelegatingMethodAccessorImpl.java:43)
	at java.lang.reflect.Method.invoke(Method.java:497)
	at org.springframework.web.method.support.InvocableHandlerMethod.doInvoke(InvocableHandlerMethod.java:220)
	at org.springframework.web.method.support.InvocableHandlerMethod.invokeForRequest(InvocableHandlerMethod.java:134)
	at org.springframework.web.servlet.mvc.method.annotation.ServletInvocableHandlerMethod.invokeAndHandle(ServletInvocableHandlerMethod.java:116)
	at org.springframework.web.servlet.mvc.method.annotation.RequestMappingHandlerAdapter.invokeHandlerMethod(RequestMappingHandlerAdapter.java:827)
	at org.springframework.web.servlet.mvc.method.annotation.RequestMappingHandlerAdapter.handleInternal(RequestMappingHandlerAdapter.java:738)
	at org.springframework.web.servlet.mvc.method.AbstractHandlerMethodAdapter.handle(AbstractHandlerMethodAdapter.java:85)
	at org.springframework.web.servlet.DispatcherServlet.doDispatch(DispatcherServlet.java:963)
	at org.springframework.web.servlet.DispatcherServlet.doService(DispatcherServlet.java:897)
	at org.springframework.web.servlet.FrameworkServlet.processRequest(FrameworkServlet.java:970)
	at org.springframework.web.servlet.FrameworkServlet.doPost(FrameworkServlet.java:872)
	at javax.servlet.http.HttpServlet.service(HttpServlet.java:648)
	at org.springframework.web.servlet.FrameworkServlet.service(FrameworkServlet.java:846)
	at javax.servlet.http.HttpServlet.service(HttpServlet.java:729)
	at org.apache.catalina.core.ApplicationFilterChain.internalDoFilter(ApplicationFilterChain.java:230)
	at org.apache.catalina.core.ApplicationFilterChain.doFilter(ApplicationFilterChain.java:165)
	at org.apache.tomcat.websocket.server.WsFilter.doFilter(WsFilter.java:52)
	at org.apache.catalina.core.ApplicationFilterChain.internalDoFilter(ApplicationFilterChain.java:192)
	at org.apache.catalina.core.ApplicationFilterChain.doFilter(ApplicationFilterChain.java:165)
	at org.springframework.web.filter.CharacterEncodingFilter.doFilterInternal(CharacterEncodingFilter.java:197)
	at org.springframework.web.filter.OncePerRequestFilter.doFilter(OncePerRequestFilter.java:107)
	at org.apache.catalina.core.ApplicationFilterChain.internalDoFilter(ApplicationFilterChain.java:192)
	at org.apache.catalina.core.ApplicationFilterChain.doFilter(ApplicationFilterChain.java:165)
	at org.apache.catalina.core.StandardWrapperValve.invoke(StandardWrapperValve.java:198)
	at org.apache.catalina.core.StandardContextValve.invoke(StandardContextValve.java:108)
	at org.apache.catalina.authenticator.AuthenticatorBase.invoke(AuthenticatorBase.java:472)
	at org.apache.catalina.core.StandardHostValve.invoke(StandardHostValve.java:140)
	at org.apache.catalina.valves.ErrorReportValve.invoke(ErrorReportValve.java:79)
	at org.apache.catalina.core.StandardEngineValve.invoke(StandardEngineValve.java:87)
	at org.apache.catalina.connector.CoyoteAdapter.service(CoyoteAdapter.java:349)
	at org.apache.coyote.http11.Http11Processor.service(Http11Processor.java:784)
	at org.apache.coyote.AbstractProcessorLight.process(AbstractProcessorLight.java:66)
	at org.apache.coyote.AbstractProtocol$ConnectionHandler.process(AbstractProtocol.java:802)
	at org.apache.tomcat.util.net.NioEndpoint$SocketProcessor.doRun(NioEndpoint.java:1410)
	at org.apache.tomcat.util.net.SocketProcessorBase.run(SocketProcessorBase.java:49)
	at java.util.concurrent.ThreadPoolExecutor.runWorker(ThreadPoolExecutor.java:1142)
	at java.util.concurrent.ThreadPoolExecutor$Worker.run(ThreadPoolExecutor.java:617)
	at org.apache.tomcat.util.threads.TaskThread$WrappingRunnable.run(TaskThread.java:61)
	at java.lang.Thread.run(Thread.java:745)
2017-05-09 10:12:05 [http-nio-8899-exec-3] ERROR [java.lang.Class] - MessageService.pageOne异常
java.util.regex.PatternSyntaxException: Illegal repetition
{|}
	at java.util.regex.Pattern.error(Pattern.java:1955)
	at java.util.regex.Pattern.closure(Pattern.java:3157)
	at java.util.regex.Pattern.sequence(Pattern.java:2134)
	at java.util.regex.Pattern.expr(Pattern.java:1996)
	at java.util.regex.Pattern.compile(Pattern.java:1696)
	at java.util.regex.Pattern.<init>(Pattern.java:1351)
	at java.util.regex.Pattern.compile(Pattern.java:1028)
	at java.lang.String.replaceAll(String.java:2223)
	at com.qurich.external.service.MessageService.updatebull(MessageService.java:76)
	at com.qurich.external.controller.MessageController.updatebull(MessageController.java:56)
	at sun.reflect.NativeMethodAccessorImpl.invoke0(Native Method)
	at sun.reflect.NativeMethodAccessorImpl.invoke(NativeMethodAccessorImpl.java:62)
	at sun.reflect.DelegatingMethodAccessorImpl.invoke(DelegatingMethodAccessorImpl.java:43)
	at java.lang.reflect.Method.invoke(Method.java:497)
	at org.springframework.web.method.support.InvocableHandlerMethod.doInvoke(InvocableHandlerMethod.java:220)
	at org.springframework.web.method.support.InvocableHandlerMethod.invokeForRequest(InvocableHandlerMethod.java:134)
	at org.springframework.web.servlet.mvc.method.annotation.ServletInvocableHandlerMethod.invokeAndHandle(ServletInvocableHandlerMethod.java:116)
	at org.springframework.web.servlet.mvc.method.annotation.RequestMappingHandlerAdapter.invokeHandlerMethod(RequestMappingHandlerAdapter.java:827)
	at org.springframework.web.servlet.mvc.method.annotation.RequestMappingHandlerAdapter.handleInternal(RequestMappingHandlerAdapter.java:738)
	at org.springframework.web.servlet.mvc.method.AbstractHandlerMethodAdapter.handle(AbstractHandlerMethodAdapter.java:85)
	at org.springframework.web.servlet.DispatcherServlet.doDispatch(DispatcherServlet.java:963)
	at org.springframework.web.servlet.DispatcherServlet.doService(DispatcherServlet.java:897)
	at org.springframework.web.servlet.FrameworkServlet.processRequest(FrameworkServlet.java:970)
	at org.springframework.web.servlet.FrameworkServlet.doPost(FrameworkServlet.java:872)
	at javax.servlet.http.HttpServlet.service(HttpServlet.java:648)
	at org.springframework.web.servlet.FrameworkServlet.service(FrameworkServlet.java:846)
	at javax.servlet.http.HttpServlet.service(HttpServlet.java:729)
	at org.apache.catalina.core.ApplicationFilterChain.internalDoFilter(ApplicationFilterChain.java:230)
	at org.apache.catalina.core.ApplicationFilterChain.doFilter(ApplicationFilterChain.java:165)
	at org.apache.tomcat.websocket.server.WsFilter.doFilter(WsFilter.java:52)
	at org.apache.catalina.core.ApplicationFilterChain.internalDoFilter(ApplicationFilterChain.java:192)
	at org.apache.catalina.core.ApplicationFilterChain.doFilter(ApplicationFilterChain.java:165)
	at org.springframework.web.filter.CharacterEncodingFilter.doFilterInternal(CharacterEncodingFilter.java:197)
	at org.springframework.web.filter.OncePerRequestFilter.doFilter(OncePerRequestFilter.java:107)
	at org.apache.catalina.core.ApplicationFilterChain.internalDoFilter(ApplicationFilterChain.java:192)
	at org.apache.catalina.core.ApplicationFilterChain.doFilter(ApplicationFilterChain.java:165)
	at org.apache.catalina.core.StandardWrapperValve.invoke(StandardWrapperValve.java:198)
	at org.apache.catalina.core.StandardContextValve.invoke(StandardContextValve.java:108)
	at org.apache.catalina.authenticator.AuthenticatorBase.invoke(AuthenticatorBase.java:472)
	at org.apache.catalina.core.StandardHostValve.invoke(StandardHostValve.java:140)
	at org.apache.catalina.valves.ErrorReportValve.invoke(ErrorReportValve.java:79)
	at org.apache.catalina.core.StandardEngineValve.invoke(StandardEngineValve.java:87)
	at org.apache.catalina.connector.CoyoteAdapter.service(CoyoteAdapter.java:349)
	at org.apache.coyote.http11.Http11Processor.service(Http11Processor.java:784)
	at org.apache.coyote.AbstractProcessorLight.process(AbstractProcessorLight.java:66)
	at org.apache.coyote.AbstractProtocol$ConnectionHandler.process(AbstractProtocol.java:802)
	at org.apache.tomcat.util.net.NioEndpoint$SocketProcessor.doRun(NioEndpoint.java:1410)
	at org.apache.tomcat.util.net.SocketProcessorBase.run(SocketProcessorBase.java:49)
	at java.util.concurrent.ThreadPoolExecutor.runWorker(ThreadPoolExecutor.java:1142)
	at java.util.concurrent.ThreadPoolExecutor$Worker.run(ThreadPoolExecutor.java:617)
	at org.apache.tomcat.util.threads.TaskThread$WrappingRunnable.run(TaskThread.java:61)
	at java.lang.Thread.run(Thread.java:745)
2017-05-09 10:12:49 [main] INFO  [com.qurich.external.Application] - Starting Application on Asice-PC with PID 6888 (D:\eWorkspaces\qurich-admin\target\classes started by Asice in D:\eWorkspaces\qurich-admin)
2017-05-09 10:12:49 [main] INFO  [com.qurich.external.Application] - No active profile set, falling back to default profiles: default
2017-05-09 10:12:49 [main] INFO  [org.springframework.boot.context.embedded.AnnotationConfigEmbeddedWebApplicationContext] - Refreshing org.springframework.boot.context.embedded.AnnotationConfigEmbeddedWebApplicationContext@ef9844: startup date [Tue May 09 10:12:49 CST 2017]; root of context hierarchy
2017-05-09 10:12:49 [background-preinit] INFO  [org.hibernate.validator.internal.util.Version] - HV000001: Hibernate Validator 5.2.4.Final
2017-05-09 10:12:50 [main] INFO  [org.springframework.data.repository.config.RepositoryConfigurationDelegate] - Multiple Spring Data modules found, entering strict repository configuration mode!
2017-05-09 10:12:50 [main] INFO  [org.springframework.context.support.PostProcessorRegistrationDelegate$BeanPostProcessorChecker] - Bean 'org.springframework.transaction.annotation.ProxyTransactionManagementConfiguration' of type [class org.springframework.transaction.annotation.ProxyTransactionManagementConfiguration$$EnhancerBySpringCGLIB$$3201c409] is not eligible for getting processed by all BeanPostProcessors (for example: not eligible for auto-proxying)
2017-05-09 10:12:51 [main] INFO  [org.springframework.boot.context.embedded.tomcat.TomcatEmbeddedServletContainer] - Tomcat initialized with port(s): 8899 (http)
2017-05-09 10:12:51 [localhost-startStop-1] INFO  [org.springframework.web.context.ContextLoader] - Root WebApplicationContext: initialization completed in 1433 ms
2017-05-09 10:12:51 [localhost-startStop-1] INFO  [org.springframework.boot.web.servlet.ServletRegistrationBean] - Mapping servlet: 'dispatcherServlet' to [/]
2017-05-09 10:12:51 [localhost-startStop-1] INFO  [org.springframework.boot.web.servlet.FilterRegistrationBean] - Mapping filter: 'characterEncodingFilter' to: [/*]
2017-05-09 10:12:51 [main] INFO  [org.springframework.web.servlet.mvc.method.annotation.RequestMappingHandlerMapping] - Mapped "{[/ || /index],methods=[GET]}" onto public java.lang.String com.qurich.external.controller.IndexController.index(int,javax.servlet.http.HttpServletRequest,javax.servlet.http.HttpServletResponse,org.springframework.ui.Model)
2017-05-09 10:12:51 [main] INFO  [org.springframework.web.servlet.mvc.method.annotation.RequestMappingHandlerMapping] - Mapped "{[/message/bull],methods=[GET],produces=[application/json;charset=utf-8]}" onto public java.lang.String com.qurich.external.controller.MessageController.list(int,org.springframework.ui.Model)
2017-05-09 10:12:51 [main] INFO  [org.springframework.web.servlet.mvc.method.annotation.RequestMappingHandlerMapping] - Mapped "{[/message/bull/{page}],methods=[GET],produces=[application/json;charset=utf-8]}" onto public java.lang.String com.qurich.external.controller.MessageController.listPage(int,org.springframework.ui.Model)
2017-05-09 10:12:51 [main] INFO  [org.springframework.web.servlet.mvc.method.annotation.RequestMappingHandlerMapping] - Mapped "{[/message/page/{id}],methods=[GET],produces=[application/json;charset=utf-8]}" onto public java.lang.String com.qurich.external.controller.MessageController.pageOne(int,org.springframework.ui.Model)
2017-05-09 10:12:51 [main] INFO  [org.springframework.web.servlet.mvc.method.annotation.RequestMappingHandlerMapping] - Mapped "{[/message/updatebull],methods=[POST],produces=[application/json;charset=utf-8]}" onto public java.lang.String com.qurich.external.controller.MessageController.updatebull(int,java.lang.String[],org.springframework.ui.Model)
2017-05-09 10:12:51 [main] INFO  [org.springframework.web.servlet.mvc.method.annotation.RequestMappingHandlerMapping] - Mapped "{[/error]}" onto public org.springframework.http.ResponseEntity<java.util.Map<java.lang.String, java.lang.Object>> org.springframework.boot.autoconfigure.web.BasicErrorController.error(javax.servlet.http.HttpServletRequest)
2017-05-09 10:12:51 [main] INFO  [org.springframework.web.servlet.mvc.method.annotation.RequestMappingHandlerMapping] - Mapped "{[/error],produces=[text/html]}" onto public org.springframework.web.servlet.ModelAndView org.springframework.boot.autoconfigure.web.BasicErrorController.errorHtml(javax.servlet.http.HttpServletRequest,javax.servlet.http.HttpServletResponse)
2017-05-09 10:12:51 [main] INFO  [org.springframework.web.servlet.handler.SimpleUrlHandlerMapping] - Mapped URL path [/static/**] onto handler of type [class org.springframework.web.servlet.resource.ResourceHttpRequestHandler]
2017-05-09 10:12:51 [main] INFO  [org.springframework.web.servlet.mvc.method.annotation.RequestMappingHandlerAdapter] - Looking for @ControllerAdvice: org.springframework.boot.context.embedded.AnnotationConfigEmbeddedWebApplicationContext@ef9844: startup date [Tue May 09 10:12:49 CST 2017]; root of context hierarchy
2017-05-09 10:12:52 [main] INFO  [org.springframework.web.servlet.view.freemarker.FreeMarkerConfigurer] - ClassTemplateLoader for Spring macros added to FreeMarker configuration
2017-05-09 10:12:52 [main] WARN  [org.springframework.boot.starter.redis.RedisStarterDeprecationWarningAutoConfiguration] - spring-boot-starter-redis is deprecated as of Spring Boot 1.4, please migrate to spring-boot-starter-data-redis
2017-05-09 10:12:52 [main] INFO  [org.springframework.jmx.export.annotation.AnnotationMBeanExporter] - Registering beans for JMX exposure on startup
2017-05-09 10:12:52 [main] INFO  [org.springframework.jmx.export.annotation.AnnotationMBeanExporter] - Bean with name 'dataSource' has been autodetected for JMX exposure
2017-05-09 10:12:52 [main] INFO  [org.springframework.jmx.export.annotation.AnnotationMBeanExporter] - Located MBean 'dataSource': registering with JMX server as MBean [com.alibaba.druid.pool:name=dataSource,type=DruidDataSource]
2017-05-09 10:12:52 [main] INFO  [org.springframework.boot.context.embedded.tomcat.TomcatEmbeddedServletContainer] - Tomcat started on port(s): 8899 (http)
2017-05-09 10:12:52 [main] INFO  [com.qurich.external.Application] - Started Application in 3.09 seconds (JVM running for 3.541)
2017-05-09 10:12:56 [http-nio-8899-exec-1] INFO  [org.springframework.web.servlet.DispatcherServlet] - FrameworkServlet 'dispatcherServlet': initialization started
2017-05-09 10:12:56 [http-nio-8899-exec-1] INFO  [org.springframework.web.servlet.DispatcherServlet] - FrameworkServlet 'dispatcherServlet': initialization completed in 16 ms
2017-05-09 10:12:56 [http-nio-8899-exec-1] INFO  [com.alibaba.druid.pool.DruidDataSource] - {dataSource-1} inited
2017-05-09 10:17:29 [main] INFO  [com.qurich.external.Application] - Starting Application on Asice-PC with PID 4484 (D:\eWorkspaces\qurich-admin\target\classes started by Asice in D:\eWorkspaces\qurich-admin)
2017-05-09 10:17:29 [main] INFO  [com.qurich.external.Application] - No active profile set, falling back to default profiles: default
2017-05-09 10:17:29 [main] INFO  [org.springframework.boot.context.embedded.AnnotationConfigEmbeddedWebApplicationContext] - Refreshing org.springframework.boot.context.embedded.AnnotationConfigEmbeddedWebApplicationContext@ef9844: startup date [Tue May 09 10:17:29 CST 2017]; root of context hierarchy
2017-05-09 10:17:29 [background-preinit] INFO  [org.hibernate.validator.internal.util.Version] - HV000001: Hibernate Validator 5.2.4.Final
2017-05-09 10:17:30 [main] INFO  [org.springframework.data.repository.config.RepositoryConfigurationDelegate] - Multiple Spring Data modules found, entering strict repository configuration mode!
2017-05-09 10:17:30 [main] INFO  [org.springframework.context.support.PostProcessorRegistrationDelegate$BeanPostProcessorChecker] - Bean 'org.springframework.transaction.annotation.ProxyTransactionManagementConfiguration' of type [class org.springframework.transaction.annotation.ProxyTransactionManagementConfiguration$$EnhancerBySpringCGLIB$$3201c409] is not eligible for getting processed by all BeanPostProcessors (for example: not eligible for auto-proxying)
2017-05-09 10:17:31 [main] INFO  [org.springframework.boot.context.embedded.tomcat.TomcatEmbeddedServletContainer] - Tomcat initialized with port(s): 8899 (http)
2017-05-09 10:17:31 [localhost-startStop-1] INFO  [org.springframework.web.context.ContextLoader] - Root WebApplicationContext: initialization completed in 1441 ms
2017-05-09 10:17:31 [localhost-startStop-1] INFO  [org.springframework.boot.web.servlet.ServletRegistrationBean] - Mapping servlet: 'dispatcherServlet' to [/]
2017-05-09 10:17:31 [localhost-startStop-1] INFO  [org.springframework.boot.web.servlet.FilterRegistrationBean] - Mapping filter: 'characterEncodingFilter' to: [/*]
2017-05-09 10:17:31 [main] INFO  [org.springframework.web.servlet.mvc.method.annotation.RequestMappingHandlerMapping] - Mapped "{[/ || /index],methods=[GET]}" onto public java.lang.String com.qurich.external.controller.IndexController.index(int,javax.servlet.http.HttpServletRequest,javax.servlet.http.HttpServletResponse,org.springframework.ui.Model)
2017-05-09 10:17:31 [main] INFO  [org.springframework.web.servlet.mvc.method.annotation.RequestMappingHandlerMapping] - Mapped "{[/message/bull],methods=[GET],produces=[application/json;charset=utf-8]}" onto public java.lang.String com.qurich.external.controller.MessageController.list(int,org.springframework.ui.Model)
2017-05-09 10:17:31 [main] INFO  [org.springframework.web.servlet.mvc.method.annotation.RequestMappingHandlerMapping] - Mapped "{[/message/bull/{page}],methods=[GET],produces=[application/json;charset=utf-8]}" onto public java.lang.String com.qurich.external.controller.MessageController.listPage(int,org.springframework.ui.Model)
2017-05-09 10:17:31 [main] INFO  [org.springframework.web.servlet.mvc.method.annotation.RequestMappingHandlerMapping] - Mapped "{[/message/page/{id}],methods=[GET],produces=[application/json;charset=utf-8]}" onto public java.lang.String com.qurich.external.controller.MessageController.pageOne(int,org.springframework.ui.Model)
2017-05-09 10:17:31 [main] INFO  [org.springframework.web.servlet.mvc.method.annotation.RequestMappingHandlerMapping] - Mapped "{[/message/updatebull],methods=[POST],produces=[application/json;charset=utf-8]}" onto public java.lang.String com.qurich.external.controller.MessageController.updatebull(int,java.lang.String[],org.springframework.ui.Model)
2017-05-09 10:17:31 [main] INFO  [org.springframework.web.servlet.mvc.method.annotation.RequestMappingHandlerMapping] - Mapped "{[/error]}" onto public org.springframework.http.ResponseEntity<java.util.Map<java.lang.String, java.lang.Object>> org.springframework.boot.autoconfigure.web.BasicErrorController.error(javax.servlet.http.HttpServletRequest)
2017-05-09 10:17:31 [main] INFO  [org.springframework.web.servlet.mvc.method.annotation.RequestMappingHandlerMapping] - Mapped "{[/error],produces=[text/html]}" onto public org.springframework.web.servlet.ModelAndView org.springframework.boot.autoconfigure.web.BasicErrorController.errorHtml(javax.servlet.http.HttpServletRequest,javax.servlet.http.HttpServletResponse)
2017-05-09 10:17:31 [main] INFO  [org.springframework.web.servlet.handler.SimpleUrlHandlerMapping] - Mapped URL path [/static/**] onto handler of type [class org.springframework.web.servlet.resource.ResourceHttpRequestHandler]
2017-05-09 10:17:31 [main] INFO  [org.springframework.web.servlet.mvc.method.annotation.RequestMappingHandlerAdapter] - Looking for @ControllerAdvice: org.springframework.boot.context.embedded.AnnotationConfigEmbeddedWebApplicationContext@ef9844: startup date [Tue May 09 10:17:29 CST 2017]; root of context hierarchy
2017-05-09 10:17:32 [main] INFO  [org.springframework.web.servlet.view.freemarker.FreeMarkerConfigurer] - ClassTemplateLoader for Spring macros added to FreeMarker configuration
2017-05-09 10:17:32 [main] WARN  [org.springframework.boot.starter.redis.RedisStarterDeprecationWarningAutoConfiguration] - spring-boot-starter-redis is deprecated as of Spring Boot 1.4, please migrate to spring-boot-starter-data-redis
2017-05-09 10:17:32 [main] INFO  [org.springframework.jmx.export.annotation.AnnotationMBeanExporter] - Registering beans for JMX exposure on startup
2017-05-09 10:17:32 [main] INFO  [org.springframework.jmx.export.annotation.AnnotationMBeanExporter] - Bean with name 'dataSource' has been autodetected for JMX exposure
2017-05-09 10:17:32 [main] INFO  [org.springframework.jmx.export.annotation.AnnotationMBeanExporter] - Located MBean 'dataSource': registering with JMX server as MBean [com.alibaba.druid.pool:name=dataSource,type=DruidDataSource]
2017-05-09 10:17:32 [main] INFO  [org.springframework.boot.context.embedded.tomcat.TomcatEmbeddedServletContainer] - Tomcat started on port(s): 8899 (http)
2017-05-09 10:17:32 [main] INFO  [com.qurich.external.Application] - Started Application in 3.073 seconds (JVM running for 3.542)
2017-05-09 10:17:54 [http-nio-8899-exec-1] INFO  [org.springframework.web.servlet.DispatcherServlet] - FrameworkServlet 'dispatcherServlet': initialization started
2017-05-09 10:17:54 [http-nio-8899-exec-1] INFO  [org.springframework.web.servlet.DispatcherServlet] - FrameworkServlet 'dispatcherServlet': initialization completed in 14 ms
2017-05-09 10:17:54 [http-nio-8899-exec-1] INFO  [com.alibaba.druid.pool.DruidDataSource] - {dataSource-1} inited
2017-05-09 10:23:20 [http-nio-8899-exec-6] ERROR [freemarker.runtime] - Error executing FreeMarker template
FreeMarker template error:
The following has evaluated to null or missing:
==> split  [in template "message/bull.ftl" at line 49, column 67]

----
Tip: If the failing expression is known to be legally refer to something that's sometimes null or missing, either specify a default value like myOptionalVar!myDefault, or use <#if myOptionalVar??>when-present<#else>when-missing</#if>. (These only cover the last step of the expression; to cover the whole expression, use parenthesis: (myOptionalVar.foo)!myDefault, (myOptionalVar.foo)??
----

----
FTL stack trace ("~" means nesting-related):
	- Failed at: #list bean.bull_category!split(",") a...  [in template "message/bull.ftl" at line 49, column 41]
----

Java stack trace (for programmers):
----
freemarker.core.InvalidReferenceException: [... Exception message was already printed; see it above ...]
	at freemarker.core.InvalidReferenceException.getInstance(InvalidReferenceException.java:134)
	at freemarker.core.UnexpectedTypeException.newDesciptionBuilder(UnexpectedTypeException.java:80)
	at freemarker.core.UnexpectedTypeException.<init>(UnexpectedTypeException.java:43)
	at freemarker.core.NonMethodException.<init>(NonMethodException.java:49)
	at freemarker.core.MethodCall._eval(MethodCall.java:85)
	at freemarker.core.Expression.eval(Expression.java:81)
	at freemarker.core.DefaultToExpression._eval(DefaultToExpression.java:89)
	at freemarker.core.Expression.eval(Expression.java:81)
	at freemarker.core.IteratorBlock.acceptWithResult(IteratorBlock.java:99)
	at freemarker.core.IteratorBlock.accept(IteratorBlock.java:94)
	at freemarker.core.Environment.visit(Environment.java:363)
	at freemarker.core.IteratorBlock$IterationContext.executedNestedContentForCollOrSeqListing(IteratorBlock.java:316)
	at freemarker.core.IteratorBlock$IterationContext.executeNestedContent(IteratorBlock.java:272)
	at freemarker.core.IteratorBlock$IterationContext.accept(IteratorBlock.java:243)
	at freemarker.core.Environment.visitIteratorBlock(Environment.java:596)
	at freemarker.core.IteratorBlock.acceptWithResult(IteratorBlock.java:108)
	at freemarker.core.IteratorBlock.accept(IteratorBlock.java:94)
	at freemarker.core.Environment.visit(Environment.java:327)
	at freemarker.core.Environment.visit(Environment.java:333)
	at freemarker.core.Environment.process(Environment.java:306)
	at freemarker.template.Template.process(Template.java:386)
	at org.springframework.web.servlet.view.freemarker.FreeMarkerView.processTemplate(FreeMarkerView.java:367)
	at org.springframework.web.servlet.view.freemarker.FreeMarkerView.doRender(FreeMarkerView.java:284)
	at org.springframework.web.servlet.view.freemarker.FreeMarkerView.renderMergedTemplateModel(FreeMarkerView.java:234)
	at org.springframework.web.servlet.view.AbstractTemplateView.renderMergedOutputModel(AbstractTemplateView.java:167)
	at org.springframework.web.servlet.view.AbstractView.render(AbstractView.java:303)
	at org.springframework.web.servlet.DispatcherServlet.render(DispatcherServlet.java:1257)
	at org.springframework.web.servlet.DispatcherServlet.processDispatchResult(DispatcherServlet.java:1037)
	at org.springframework.web.servlet.DispatcherServlet.doDispatch(DispatcherServlet.java:980)
	at org.springframework.web.servlet.DispatcherServlet.doService(DispatcherServlet.java:897)
	at org.springframework.web.servlet.FrameworkServlet.processRequest(FrameworkServlet.java:970)
	at org.springframework.web.servlet.FrameworkServlet.doGet(FrameworkServlet.java:861)
	at javax.servlet.http.HttpServlet.service(HttpServlet.java:622)
	at org.springframework.web.servlet.FrameworkServlet.service(FrameworkServlet.java:846)
	at javax.servlet.http.HttpServlet.service(HttpServlet.java:729)
	at org.apache.catalina.core.ApplicationFilterChain.internalDoFilter(ApplicationFilterChain.java:230)
	at org.apache.catalina.core.ApplicationFilterChain.doFilter(ApplicationFilterChain.java:165)
	at org.apache.tomcat.websocket.server.WsFilter.doFilter(WsFilter.java:52)
	at org.apache.catalina.core.ApplicationFilterChain.internalDoFilter(ApplicationFilterChain.java:192)
	at org.apache.catalina.core.ApplicationFilterChain.doFilter(ApplicationFilterChain.java:165)
	at org.springframework.web.filter.CharacterEncodingFilter.doFilterInternal(CharacterEncodingFilter.java:197)
	at org.springframework.web.filter.OncePerRequestFilter.doFilter(OncePerRequestFilter.java:107)
	at org.apache.catalina.core.ApplicationFilterChain.internalDoFilter(ApplicationFilterChain.java:192)
	at org.apache.catalina.core.ApplicationFilterChain.doFilter(ApplicationFilterChain.java:165)
	at org.apache.catalina.core.StandardWrapperValve.invoke(StandardWrapperValve.java:198)
	at org.apache.catalina.core.StandardContextValve.invoke(StandardContextValve.java:108)
	at org.apache.catalina.authenticator.AuthenticatorBase.invoke(AuthenticatorBase.java:472)
	at org.apache.catalina.core.StandardHostValve.invoke(StandardHostValve.java:140)
	at org.apache.catalina.valves.ErrorReportValve.invoke(ErrorReportValve.java:79)
	at org.apache.catalina.core.StandardEngineValve.invoke(StandardEngineValve.java:87)
	at org.apache.catalina.connector.CoyoteAdapter.service(CoyoteAdapter.java:349)
	at org.apache.coyote.http11.Http11Processor.service(Http11Processor.java:784)
	at org.apache.coyote.AbstractProcessorLight.process(AbstractProcessorLight.java:66)
	at org.apache.coyote.AbstractProtocol$ConnectionHandler.process(AbstractProtocol.java:802)
	at org.apache.tomcat.util.net.NioEndpoint$SocketProcessor.doRun(NioEndpoint.java:1410)
	at org.apache.tomcat.util.net.SocketProcessorBase.run(SocketProcessorBase.java:49)
	at java.util.concurrent.ThreadPoolExecutor.runWorker(ThreadPoolExecutor.java:1142)
	at java.util.concurrent.ThreadPoolExecutor$Worker.run(ThreadPoolExecutor.java:617)
	at org.apache.tomcat.util.threads.TaskThread$WrappingRunnable.run(TaskThread.java:61)
	at java.lang.Thread.run(Thread.java:745)
